Number of trainable parameters in pt_transformer: 12721169
Number of training samples: 147
Number of validation samples: 144

0
visit | 1
visit a
F a
& & & & & & & &
Syntax Error

1
visit | 1
reach a
F a
& & & & & & & &
Syntax Error

2
visit | 1
eventually you must go to a
F a
& & & & & & F b & F b &
Syntax Error

3
visit | 2
visit a and b
& F a F b
& & & & & F b & F b
Syntax Error

4
visit | 2
visit b and a
& F a F b
& & & & & & F b & F
Syntax Error

5
visit | 2
sometime along the way go to a and b
& F a F b
& & & & & & F b & F b & F b &
Syntax Error

6
visit | 2
eventually reach a and b
& F a F b
& & & & & & & & & & &
Syntax Error

7
visit | 3
go to a b and c
& F a & F b F c
& & & & & F b F & F b &
Syntax Error

8
visit | 3
visit c a and b in no specific order
& F a & F b F c
& & & & F b F b F F b F b & F
Syntax Error

9
visit | 3
eventually reach a c and b
& F a & F b F c
& & & & & & & & & & & &
Syntax Error

10
visit | 4
visit b a c and d
& F a & F b & F c F d
& & & & & & & & & & & &
Syntax Error

11
visit | 4
go to four locations a b d and c
& F a & F b & F c F d
& & & & & & & & & & & & & & &
Syntax Error

12
visit | 4
in no particular order visit a b c and d
& F a & F b & F c F d
& & & & & & & & & & & & & & U F
Syntax Error

13
visit | 5
visit a b c d and h
& F a & F b & F c & F d F h
& & & & & & & & & & & & &
Syntax Error

14
visit | 5
sometime visit a c b h and d
& F a & F b & F c & F d F h
& & & & & & & & & & & & & &
Syntax Error

15
visit | 5
eventually go visit a b h d and c
& F a & F b & F c & F d F h
& & & & & & F b & F b & F b &
Syntax Error

16
visit | 5
go to a b c d and h
& F a & F b & F c & F d F h
& & & & & & & & & & & U F b
Syntax Error

17
visit | 1
move to a
F a
& & & & & U b b F
Syntax Error

18
visit | 1
go to a
F a
& & & & & & & & &
Syntax Error

19
visit | 1
reach a
F a
& & & & & & & &
Syntax Error

20
visit | 1
navigate to a
F a
& & & & & & & & &
Syntax Error

21
visit | 1
find a
F a
& & & & & & b b
Syntax Error

22
visit | 2
visit a and b in any order
& F a F b
& & & & & F & F & F & F &
Syntax Error

23
visit | 2
go to a and b in any order
& F a F b
& & & & F & F & F & F & F &
Syntax Error

24
visit | 2
move to a and b in any order
& F a F b
& & & & F & F & F & F & F &
Syntax Error

25
visit | 2
reach a and b in any order
& F a F b
& & & & & F & F & F & F &
Syntax Error

26
visit | 2
go to a then go to b or go to b then go to a
& F a F b
& & & & & U F & F & U F b & U F b & U F b
Syntax Error

27
patrolling | 1
keep visiting a
G F a
& & & & & & & & &
Syntax Error

28
patrolling | 1
go to a an infinite number of times
G F a
& & & & & & & & & & b b & b
Syntax Error

29
patrolling | 1
continue moving to a
G F a
& & & & & & & & & &
Syntax Error

30
patrolling | 1
do not stop visiting a
G F a
& & & & & & U b b b b
Syntax Error

31
patrolling | 1
do not stop going to a
G F a
& & & & & & & & & U b b
Syntax Error

32
patrolling | 1
please visit a infinitely often
G F a
& & & & & & & & & & &
Syntax Error

33
patrolling | 1
you must visit a infinitely often
G F a
& & & & & & & & & & & &
Syntax Error

34
visit | 3
head to a b and c in any order
& F a & F b F c
& & & & & & & & & & & & & & &
Syntax Error

35
visit | 3
in any order you like go to a b and c
& F a & F b F c
& & & & & F & F & F b & F & F & F
Syntax Error

36
visit | 3
visit a b and c in any order
& F a & F b F c
& & & & & & F & F & F & & &
Syntax Error

37
visit | 3
walk to a b and c in an arbitrary order
& F a & F b F c
& & & & & & F & F & F b & & F &
Syntax Error

38
visit | 3
make sure a b and c are all visited
& F a & F b F c
& & & & & & & & & & U b & U F
Syntax Error

39
patrolling | 2
keep visiting a and b in any order
& G F a G F b
& & & & U F & F & F & U F &
Syntax Error

40
patrolling | 2
make sure a and b are visited infinitely
& G F a G F b
& & & & & & & & & & U F b &
Syntax Error

41
patrolling | 2
do not stop visiting a and b
& G F a G F b
& & & & U b & U b & U b &
Syntax Error

42
patrolling | 2
frequent a and b but the order can be arbitrary
& G F a G F b
& & & & U b & F b & F b & U F b
Syntax Error

43
patrolling | 2
pick one from a and b and go there and then go back and forth between a and b with or without stay
& G F a G F b
& & & & U & U F b & U F b & U & U F b & U F d U U ! b & U
Syntax Error

44
visit | 3
go to a b and c in any order
& F a & F b F c
& & & & F & F & F & F & & & &
Syntax Error

45
visit | 3
make sure a b and c are all visited
& F a & F b F c
& & & & & & & & & & U b & U F
Syntax Error

46
visit | 3
do not stop until a b and c are visited
& F a & F b F c
& & & & U b b & U F b & U b & U
Syntax Error

47
visit | 3
a b and c must be visited
& F a & F b F c
& & & & & & & & & & & & &
Syntax Error

48
visit | 3
visit a b and c in arbitrary order
& F a & F b F c
& & & & & F & F & F & F & &
Syntax Error

49
visit | 2
make sure both a and b are visited
& F a F b
& & & & F b & F b F b & F b
Syntax Error

50
visit | 2
visit a and b in any order
& F a F b
& & & & & F & F & F & F &
Syntax Error

51
visit | 2
pick one from a and b go there and then head to the other one
& F a F b
& & & & & & & & U F b & U F b & U F b F b
Syntax Error

52
visit | 2
go to one of a and b and then to the other
& F a F b
& & & & U F b & F b & U F b & U F b
Syntax Error

53
visit | 2
go to a and b in an arbitrary order
& F a F b
& & & F & F & F F & F & F & F
Syntax Error

54
patrolling | 1
keep visiting a
G F a
& & & & & & & & &
Syntax Error

55
patrolling | 1
keep going to a
G F a
& & & & & & & & & &
Syntax Error

56
patrolling | 1
make sure you frequent a infinitely
G F a
& & & & & & & & & & & &
Syntax Error

57
patrolling | 1
do not stop visiting a
G F a
& & & & & & U b b b b
Syntax Error

58
patrolling | 1
make sure you visit a infinite times
G F a
& & & & & & & & & & & & &
Syntax Error

59
visit | 1
go to a
F a
& & & & & & & & &
Syntax Error

60
visit | 1
make sure you visit a at least once
F a
& & & & & & & & & & & & & U
Syntax Error

61
visit | 1
walk to a
F a
& & & & & & & & &
Syntax Error

62
visit | 1
make you way to a
F a
& & & & & & & & & & &
Syntax Error

63
visit | 1
head to a
F a
& & & & & & & & &
Syntax Error

64
visit | 1
go to a
F a
& & & & & & & & &
Syntax Error

65
visit | 1
reach a
F a
& & & & & & & &
Syntax Error

66
visit | 1
visit a
F a
& & & & & & & &
Syntax Error

67
visit | 1
find a
F a
& & & & & & b b
Syntax Error

68
visit | 1
approach a
F a
& & & & & & & &
Syntax Error

69
visit | 2
go to a and go to b
& F a F b
& & & F & F b F & F b F &
Syntax Error

70
visit | 2
visit a and b
& F a F b
& & & & & F b & F b
Syntax Error

71
visit | 2
reach a reach b
& F a F b
& & & & & & & & & &
Syntax Error

72
visit | 2
visit both a and b
& F a F b
& & & F b F b F b F b
False

73
visit | 2
find a and b
& F a F b
& & & & & U b b b b
Syntax Error

74
visit | 3
go to the following locations a b and c
& F a & F b F c
& & & & & F b & F b & F b & F
Syntax Error

75
visit | 3
reach a b and c
& F a & F b F c
& & & & & & & & & & &
Syntax Error

76
visit | 3
visit a b and c in any order
& F a & F b F c
& & & & & & F & F & F & & &
Syntax Error

77
visit | 3
find a b and c
& F a & F b F c
& & & & & & & & & & &
Syntax Error

78
visit | 3
visit all three locations a b and c
& F a & F b F c
& & & & & & & & & & & & & &
Syntax Error

79
visit | 4
go to a go to b got to c and go to d
& F a & F b & F c F d
& & & & & & & & U F b & U ! b & U ! b
Syntax Error

80
visit | 4
reach all the following locations a b c and d
& F a & F b & F c F d
& & & & & & & & & U b & U b & U
Syntax Error

81
visit | 4
visit a go to b reach c reach d
& F a & F b & F c F d
& & & & & & & & & & & & & & &
Syntax Error

82
visit | 4
visit a b c and d in no particular order
& F a & F b & F c F d
& & & & & & & & & F b & F b & F
Syntax Error

83
visit | 4
visit a b c and d the order is not important
& F a & F b & F c F d
& & & & U b & U F b & U F b & U F
Syntax Error

84
visit | 5
go to a go to b go to c go to d go to h
& F a & F b & F c & F d F h
& & & & & & & & & U ! b & U ! b & U ! b &
Syntax Error

85
visit | 5
visit a b c d h in any order required
& F a & F b & F c & F d F h
& & & & & & & & & & & & & & & &
Syntax Error

86
visit | 5
visit all locations a b c d h
& F a & F b & F c & F d F h
& & & & & & & & & & & & & &
Syntax Error

87
visit | 5
reach the following five locations a b c d h
& F a & F b & F c & F d F h
& & & & & & & & & & & & & U b &
Syntax Error

88
visit | 5
find the following a b c d h
& F a & F b & F c & F d F h
& & & & & & & & U b & U b &
Syntax Error

89
visit | 3
please visit a b and c in any order
& F a & F b F c
& & & & & & & F & F & & & & &
Syntax Error

90
visit | 3
go to a b and c
& F a & F b F c
& & & & & F b F & F b &
Syntax Error

91
visit | 3
when you have the chance can you go to a c and b
& F a & F b F c
& & & U F b & F b & U F b & U F b & U
Syntax Error

92
visit | 3
you must go to c a and b at least once
& F a & F b F c
& & & & & & U F b & F b & U F b &
Syntax Error

93
visit | 3
go to all of a b and c
& F a & F b F c
& & & & & & & & & & U b & U
Syntax Error

94
visit | 4
go to a b c and d in arbitrary order
& F a & F b & F c F d
& & & & & & F & F & F & & & & &
Syntax Error

95
visit | 4
visit a b c and d
& F a & F b & F c F d
& & & & & & & & & & & &
Syntax Error

96
visit | 4
make sure a b c and d are all visited
& F a & F b & F c F d
& & & & & & & & & & & U b & U F
Syntax Error

97
visit | 4
do not stop until a b c and d are all visited
& F a & F b & F c F d
& & & & U b & U b & U b & U b & U F
Syntax Error

98
visit | 4
make your way to a b c and d
& F a & F b & F c F d
& & & & & & & & & & & & & & &
Syntax Error

99
visit | 5
go to a b c d and h in arbitrary order
& F a & F b & F c & F d F h
& & & & & & F & F & & & U F & U F
Syntax Error

100
visit | 5
visit a b c d and h
& F a & F b & F c & F d F h
& & & & & & & & & & & & &
Syntax Error

101
visit | 5
make sure a b c d and h are all visited
& F a & F b & F c & F d F h
& & & & & & & & U F b & U b & U F
Syntax Error

102
visit | 5
do not stop until a b c d and h are all visited
& F a & F b & F c & F d F h
& & & & U b & U F b & U b & U F b & U
Syntax Error

103
visit | 5
make your way to a b c d and h
& F a & F b & F c & F d F h
& & & & & & & & & U & U b & U &
Syntax Error

104
patrolling | 1
never stop visiting a
G F a
& & & & & & & & & &
Syntax Error

105
patrolling | 1
make sure a is visited infinitely
G F a
& & & & & & & & & & & b
Syntax Error

106
patrolling | 1
visit a as many times as you can
G F a
& & & & U b F b F b & F b &
Syntax Error

107
patrolling | 1
frequent a infinitely
G F a
& & & & & & & & &
Syntax Error

108
patrolling | 1
please keep visiting a without stopping
G F a
& & & & & U & U a & U b
Syntax Error

109
patrolling | 2
never stop visiting a and b
& G F a G F b
& & & & & & & & & U F b
Syntax Error

110
patrolling | 2
frequent a and b infinitely in any order
& G F a G F b
& & & & & & F & F b & F b &
Syntax Error

111
patrolling | 2
visit a and b as many times as you can
& G F a G F b
& & & U F b F b F b F b & U F b
Syntax Error

112
patrolling | 2
keep going to a and b in arbitrary order
& G F a G F b
& & & & & & & F b & F b & F b
Syntax Error

113
patrolling | 2
please keep visiting a and b without stopping
& G F a G F b
& & & & U F b & U F b & U F
Syntax Error

114
patrolling | 3
never stop visiting a b and c
& G F a & G F b G F c
& & & & & & & & & & & & &
Syntax Error

115
patrolling | 3
frequent a b and c infinitely in any order
& G F a & G F b G F c
& & & & & & & & & & & & & & &
Syntax Error

116
patrolling | 3
please keep visiting a b and c without stopping
& G F a & G F b G F c
& & & & U F & U F & U F b & U
Syntax Error

117
patrolling | 3
make sure a b and c are visited infinitely
& G F a & G F b G F c
& & & & & & & & & & & U F b &
Syntax Error

118
patrolling | 3
keep visiting a b and c in any order
& G F a & G F b G F c
& & & & & & U F & U F b & U F
Syntax Error

119
patrolling | 4
never stop visiting a b c and d
& G F a & G F b & G F c G F d
& & & & & & & & & & & & & &
Syntax Error

120
patrolling | 4
frequent a b c and d infinitely in any order
& G F a & G F b & G F c G F d
& & & & & & & & & & & & & & & &
Syntax Error

121
patrolling | 4
please keep visiting a b c and d without stopping
& G F a & G F b & G F c G F d
& & & & U & U F & U & U & U & U
Syntax Error

122
patrolling | 4
make sure a b c and d are visited infinitely
& G F a & G F b & G F c G F d
& & & & & & & & & & & U b & U F
Syntax Error

123
patrolling | 4
keep visiting a b c and d in any order
& G F a & G F b & G F c G F d
& & & & & & & U F & U F & U & U
Syntax Error

124
patrolling | 5
never stop visiting a b c d and h
& G F a & G F b & G F c & G F d G F h
& & & & & & & & U F b & U b &
Syntax Error

125
patrolling | 5
frequent a b c d and h infinitely in any order
& G F a & G F b & G F c & G F d G F h
& & & & & & & & & & & & & & U & U
Syntax Error

126
patrolling | 5
please keep visiting a b c d and h without stopping
& G F a & G F b & G F c & G F d G F h
& & & U & U F & U F b & U & U & U
Syntax Error

127
patrolling | 5
make sure a b c d and h are visited infinitely
& G F a & G F b & G F c & G F d G F h
& & & & & & & & U F b & U F b & U
Syntax Error

128
patrolling | 5
keep visiting a b c d h in any order
& G F a & G F b & G F c & G F d G F h
& & & & & & & U F & U F & U & U
Syntax Error

129
visit | 1
go to a
F a
& & & & & & & & &
Syntax Error

130
visit | 1
visit a
F a
& & & & & & & &
Syntax Error

131
visit | 1
stop by a
F a
& & & & & & & & &
Syntax Error

132
visit | 2
move to a and b
& F a F b
& & & & U F b F b F b
Syntax Error

133
visit | 2
go to a and b
& F a F b
& & & & F b F b F b F
Syntax Error

134
visit | 2
stop by a and b
& F a F b
& & & & & & & & & & &
Syntax Error

135
visit | 4
move to abcand d in any order
& F a & F b & F c F d
& & & & & & & & & & & & &
Syntax Error

136
visit | 4
visit abc and d in any order
& F a & F b & F c F d
& & & & & & & & & & & & &
Syntax Error

137
visit | 4
stop by abc and d in any order
& F a & F b & F c F d
& & & & & & & & & & & & & &
Syntax Error

138
visit | 4
move to abc and d in any order
& F a & F b & F c F d
& & & & & & & U F & U F b &
Syntax Error

139
visit | 4
stop by abc and d in any order
& F a & F b & F c F d
& & & & & & & & & & & & & &
Syntax Error

140
visit | 4
visit abc and d in any order
& F a & F b & F c F d
& & & & & & & & & & & & &
Syntax Error

141
visit | 3
move to abc in any order
& F a & F b F c
& & & & & & & & & U F b
Syntax Error

142
visit | 3
stop by abc in any order
& F a & F b F c
& & & & & & & & & & & &
Syntax Error

143
visit | 3
visit abc in any order
& F a & F b F c
& & & & & & & & & & &
Syntax Error

{('visit', 1): 0.0, ('visit', 2): 0.0, ('visit', 3): 0.0, ('visit', 4): 0.0, ('visit', 5): 0.0, ('patrolling', 1): 0.0, ('patrolling', 2): 0.0, ('patrolling', 3): 0.0, ('patrolling', 4): 0.0, ('patrolling', 5): 0.0}
total validation accuracy: 0.0
