Constructing grounded dataset for city: cleanup
symbolic_batch12_perm_ltl_formula_9_42_fold0.pkl
old train, test size: 32995 32995 16660 16660
test size before remove prop perm: 16660 16660
num of unique formulas: 10
unique formulas:
{('strictly_ordered_visit', 4), ('global_avoidance', 3), ('exact_restricted_avoidance', 3), ('visit', 5), ('past_avoidance', 2), ('future_avoidance', 2), ('patrolling', 4), ('global_avoidance', 5), ('lower_restricted_avoidance', 5), ('global_avoidance', 4)}
num of lmks: 24
test size after remove prop perm: 226 226

generating grounded train
generating grounded valid
generate valid took: 0.023596115907033286
saving took: 0.0449865182240804
data/cleanup/lang2ltl/cleanup/symbolic_batch12_perm_ltl_formula_9_42_fold0.pkl
new train, test size: 32995 32995 452 452


symbolic_batch12_perm_ltl_formula_9_42_fold1.pkl
old train, test size: 34865 34865 14790 14790
test size before remove prop perm: 14790 14790
num of unique formulas: 10
unique formulas:
{('bound_delay', 2), ('sequenced_visit', 3), ('visit', 4), ('ordered_visit', 3), ('patrolling', 1), ('exact_restricted_avoidance', 2), ('strictly_ordered_visit', 5), ('sequenced_visit', 5), ('lower_restricted_avoidance', 1), ('ordered_visit', 5)}
num of lmks: 24
test size after remove prop perm: 227 227

generating grounded train
generating grounded valid
generate valid took: 0.0036522348721822104
saving took: 0.044106860955556236
data/cleanup/lang2ltl/cleanup/symbolic_batch12_perm_ltl_formula_9_42_fold1.pkl
new train, test size: 34865 34865 454 454


symbolic_batch12_perm_ltl_formula_9_42_fold2.pkl
old train, test size: 44245 44245 5410 5410
test size before remove prop perm: 5410 5410
num of unique formulas: 10
unique formulas:
{('wait', 2), ('ordered_visit', 4), ('upper_restricted_avoidance', 4), ('upper_restricted_avoidance', 3), ('strictly_ordered_visit', 3), ('visit', 1), ('upper_restricted_avoidance', 2), ('lower_restricted_avoidance', 2), ('sequenced_visit', 2), ('upper_restricted_avoidance', 5)}
num of lmks: 24
test size after remove prop perm: 218 218

generating grounded train
generating grounded valid
generate valid took: 0.004414566357930501
saving took: 0.06423636674880981
data/cleanup/lang2ltl/cleanup/symbolic_batch12_perm_ltl_formula_9_42_fold2.pkl
new train, test size: 44245 44245 436 436


symbolic_batch12_perm_ltl_formula_9_42_fold3.pkl
old train, test size: 45240 45240 4415 4415
test size before remove prop perm: 4415 4415
num of unique formulas: 9
unique formulas:
{('lower_restricted_avoidance', 4), ('exact_restricted_avoidance', 4), ('visit', 2), ('patrolling', 2), ('lower_restricted_avoidance', 3), ('delayed_reaction', 2), ('global_avoidance', 2), ('strictly_ordered_visit', 2), ('visit', 3)}
num of lmks: 24
test size after remove prop perm: 211 211

generating grounded train
generating grounded valid
generate valid took: 0.003480517864227295
saving took: 0.06157890160878499
data/cleanup/lang2ltl/cleanup/symbolic_batch12_perm_ltl_formula_9_42_fold3.pkl
new train, test size: 45240 45240 422 422


symbolic_batch12_perm_ltl_formula_9_42_fold4.pkl
old train, test size: 41275 41275 8380 8380
test size before remove prop perm: 8380 8380
num of unique formulas: 9
unique formulas:
{('upper_restricted_avoidance', 1), ('sequenced_visit', 4), ('patrolling', 3), ('patrolling', 5), ('prompt_reaction', 2), ('exact_restricted_avoidance', 5), ('ordered_visit', 2), ('global_avoidance', 1), ('exact_restricted_avoidance', 1)}
num of lmks: 24
test size after remove prop perm: 208 208

generating grounded train
generating grounded valid
generate valid took: 0.0038014968236287435
saving took: 0.08926016489664713
data/cleanup/lang2ltl/cleanup/symbolic_batch12_perm_ltl_formula_9_42_fold4.pkl
new train, test size: 41275 41275 416 416


symbolic_batch12_perm_ltl_type_3_42_fold0.pkl
old train, test size: 40570 40570 9085 9085
test size before remove prop perm: 9085 9085
num of unique formulas: 11
unique formulas:
{('lower_restricted_avoidance', 4), ('visit', 2), ('visit', 5), ('lower_restricted_avoidance', 5), ('visit', 1), ('lower_restricted_avoidance', 3), ('delayed_reaction', 2), ('visit', 4), ('lower_restricted_avoidance', 2), ('visit', 3), ('lower_restricted_avoidance', 1)}
num of lmks: 24
test size after remove prop perm: 245 245

generating grounded train
generating grounded valid
generate valid took: 0.0037207682927449543
saving took: 0.06749191681543985
data/cleanup/lang2ltl/cleanup/symbolic_batch12_perm_ltl_type_3_42_fold0.pkl
new train, test size: 40570 40570 490 490


symbolic_batch12_perm_ltl_type_3_42_fold1.pkl
old train, test size: 48115 48115 1540 1540
test size before remove prop perm: 1540 1540
num of unique formulas: 7
unique formulas:
{('upper_restricted_avoidance', 1), ('upper_restricted_avoidance', 4), ('upper_restricted_avoidance', 3), ('bound_delay', 2), ('past_avoidance', 2), ('upper_restricted_avoidance', 2), ('upper_restricted_avoidance', 5)}
num of lmks: 24
test size after remove prop perm: 161 161

generating grounded train
generating grounded valid
generate valid took: 0.0038359006245930988
saving took: 0.07065491676330567
data/cleanup/lang2ltl/cleanup/symbolic_batch12_perm_ltl_type_3_42_fold1.pkl
new train, test size: 48115 48115 322 322


symbolic_batch12_perm_ltl_type_3_42_fold2.pkl
old train, test size: 34795 34795 14860 14860
test size before remove prop perm: 14860 14860
num of unique formulas: 9
unique formulas:
{('wait', 2), ('sequenced_visit', 4), ('ordered_visit', 4), ('sequenced_visit', 3), ('ordered_visit', 3), ('sequenced_visit', 2), ('ordered_visit', 2), ('sequenced_visit', 5), ('ordered_visit', 5)}
num of lmks: 24
test size after remove prop perm: 207 207

generating grounded train
generating grounded valid
generate valid took: 0.0033393343289693195
saving took: 0.046025399367014566
data/cleanup/lang2ltl/cleanup/symbolic_batch12_perm_ltl_type_3_42_fold2.pkl
new train, test size: 34795 34795 414 414


symbolic_batch12_perm_ltl_type_3_42_fold3.pkl
old train, test size: 40805 40805 8850 8850
test size before remove prop perm: 8850 8850
num of unique formulas: 11
unique formulas:
{('exact_restricted_avoidance', 4), ('patrolling', 3), ('exact_restricted_avoidance', 3), ('patrolling', 2), ('patrolling', 5), ('patrolling', 1), ('future_avoidance', 2), ('exact_restricted_avoidance', 5), ('patrolling', 4), ('exact_restricted_avoidance', 2), ('exact_restricted_avoidance', 1)}
num of lmks: 24
test size after remove prop perm: 252 252

generating grounded train
generating grounded valid
generate valid took: 0.003721880912780762
saving took: 0.05466585159301758
data/cleanup/lang2ltl/cleanup/symbolic_batch12_perm_ltl_type_3_42_fold3.pkl
new train, test size: 40805 40805 504 504


symbolic_batch12_perm_ltl_type_3_42_fold4.pkl
old train, test size: 34335 34335 15320 15320
test size before remove prop perm: 15320 15320
num of unique formulas: 10
unique formulas:
{('strictly_ordered_visit', 4), ('global_avoidance', 3), ('strictly_ordered_visit', 3), ('global_avoidance', 2), ('prompt_reaction', 2), ('strictly_ordered_visit', 2), ('global_avoidance', 5), ('strictly_ordered_visit', 5), ('global_avoidance', 1), ('global_avoidance', 4)}
num of lmks: 24
test size after remove prop perm: 225 225

generating grounded train
generating grounded valid
generate valid took: 0.0049866517384847
saving took: 0.047291632493336996
data/cleanup/lang2ltl/cleanup/symbolic_batch12_perm_ltl_type_3_42_fold4.pkl
new train, test size: 34335 34335 450 450


symbolic_batch12_perm_utt_0.2_0.pkl
old train, test size: 38930 38930 10725 10725
test size before remove prop perm: 10725 10725
num of unique formulas: 48
unique formulas:
{('strictly_ordered_visit', 4), ('sequenced_visit', 4), ('lower_restricted_avoidance', 4), ('visit', 2), ('visit', 5), ('patrolling', 2), ('patrolling', 5), ('global_avoidance', 2), ('exact_restricted_avoidance', 5), ('future_avoidance', 2), ('global_avoidance', 5), ('exact_restricted_avoidance', 2), ('ordered_visit', 2), ('ordered_visit', 5), ('upper_restricted_avoidance', 1), ('upper_restricted_avoidance', 4), ('visit', 1), ('sequenced_visit', 3), ('strictly_ordered_visit', 3), ('lower_restricted_avoidance', 3), ('visit', 4), ('patrolling', 1), ('delayed_reaction', 2), ('patrolling', 4), ('global_avoidance', 1), ('global_avoidance', 4), ('exact_restricted_avoidance', 1), ('exact_restricted_avoidance', 4), ('ordered_visit', 4), ('upper_restricted_avoidance', 3), ('bound_delay', 2), ('strictly_ordered_visit', 2), ('sequenced_visit', 2), ('lower_restricted_avoidance', 2), ('strictly_ordered_visit', 5), ('visit', 3), ('sequenced_visit', 5), ('lower_restricted_avoidance', 5), ('wait', 2), ('patrolling', 3), ('global_avoidance', 3), ('exact_restricted_avoidance', 3), ('past_avoidance', 2), ('ordered_visit', 3), ('upper_restricted_avoidance', 2), ('prompt_reaction', 2), ('upper_restricted_avoidance', 5), ('lower_restricted_avoidance', 1)}
num of lmks: 24
test size after remove prop perm: 246 246

generating grounded train
generating grounded valid
generate valid took: 0.0073413848876953125
saving took: 0.14609946807225546
data/cleanup/lang2ltl/cleanup/symbolic_batch12_perm_utt_0.2_0.pkl
new train, test size: 38930 38930 492 492


symbolic_batch12_perm_utt_0.2_1.pkl
old train, test size: 38930 38930 10725 10725
test size before remove prop perm: 10725 10725
num of unique formulas: 48
unique formulas:
{('strictly_ordered_visit', 4), ('sequenced_visit', 4), ('lower_restricted_avoidance', 4), ('visit', 2), ('visit', 5), ('patrolling', 2), ('patrolling', 5), ('global_avoidance', 2), ('exact_restricted_avoidance', 5), ('future_avoidance', 2), ('global_avoidance', 5), ('exact_restricted_avoidance', 2), ('ordered_visit', 2), ('ordered_visit', 5), ('upper_restricted_avoidance', 1), ('upper_restricted_avoidance', 4), ('visit', 1), ('sequenced_visit', 3), ('strictly_ordered_visit', 3), ('lower_restricted_avoidance', 3), ('visit', 4), ('patrolling', 1), ('delayed_reaction', 2), ('patrolling', 4), ('global_avoidance', 1), ('global_avoidance', 4), ('exact_restricted_avoidance', 1), ('exact_restricted_avoidance', 4), ('ordered_visit', 4), ('upper_restricted_avoidance', 3), ('bound_delay', 2), ('strictly_ordered_visit', 2), ('sequenced_visit', 2), ('lower_restricted_avoidance', 2), ('strictly_ordered_visit', 5), ('visit', 3), ('sequenced_visit', 5), ('lower_restricted_avoidance', 5), ('wait', 2), ('patrolling', 3), ('global_avoidance', 3), ('exact_restricted_avoidance', 3), ('past_avoidance', 2), ('ordered_visit', 3), ('upper_restricted_avoidance', 2), ('prompt_reaction', 2), ('upper_restricted_avoidance', 5), ('lower_restricted_avoidance', 1)}
num of lmks: 24
test size after remove prop perm: 245 245

generating grounded train
generating grounded valid
generate valid took: 0.0038956483205159504
saving took: 0.04586816628774007
data/cleanup/lang2ltl/cleanup/symbolic_batch12_perm_utt_0.2_1.pkl
new train, test size: 38930 38930 490 490


symbolic_batch12_perm_utt_0.2_111.pkl
old train, test size: 38930 38930 10725 10725
test size before remove prop perm: 10725 10725
num of unique formulas: 48
unique formulas:
{('strictly_ordered_visit', 4), ('sequenced_visit', 4), ('lower_restricted_avoidance', 4), ('visit', 2), ('visit', 5), ('patrolling', 2), ('patrolling', 5), ('global_avoidance', 2), ('exact_restricted_avoidance', 5), ('future_avoidance', 2), ('global_avoidance', 5), ('exact_restricted_avoidance', 2), ('ordered_visit', 2), ('ordered_visit', 5), ('upper_restricted_avoidance', 1), ('upper_restricted_avoidance', 4), ('visit', 1), ('sequenced_visit', 3), ('strictly_ordered_visit', 3), ('lower_restricted_avoidance', 3), ('visit', 4), ('patrolling', 1), ('delayed_reaction', 2), ('patrolling', 4), ('global_avoidance', 1), ('global_avoidance', 4), ('exact_restricted_avoidance', 1), ('exact_restricted_avoidance', 4), ('ordered_visit', 4), ('upper_restricted_avoidance', 3), ('bound_delay', 2), ('strictly_ordered_visit', 2), ('sequenced_visit', 2), ('lower_restricted_avoidance', 2), ('strictly_ordered_visit', 5), ('visit', 3), ('sequenced_visit', 5), ('lower_restricted_avoidance', 5), ('wait', 2), ('patrolling', 3), ('global_avoidance', 3), ('exact_restricted_avoidance', 3), ('past_avoidance', 2), ('ordered_visit', 3), ('upper_restricted_avoidance', 2), ('prompt_reaction', 2), ('upper_restricted_avoidance', 5), ('lower_restricted_avoidance', 1)}
num of lmks: 24
test size after remove prop perm: 245 245

generating grounded train
generating grounded valid
generate valid took: 0.004224312305450439
saving took: 0.07075974941253663
data/cleanup/lang2ltl/cleanup/symbolic_batch12_perm_utt_0.2_111.pkl
new train, test size: 38930 38930 490 490


symbolic_batch12_perm_utt_0.2_2.pkl
old train, test size: 38930 38930 10725 10725
test size before remove prop perm: 10725 10725
num of unique formulas: 48
unique formulas:
{('strictly_ordered_visit', 4), ('sequenced_visit', 4), ('lower_restricted_avoidance', 4), ('visit', 2), ('visit', 5), ('patrolling', 2), ('patrolling', 5), ('global_avoidance', 2), ('exact_restricted_avoidance', 5), ('future_avoidance', 2), ('global_avoidance', 5), ('exact_restricted_avoidance', 2), ('ordered_visit', 2), ('ordered_visit', 5), ('upper_restricted_avoidance', 1), ('upper_restricted_avoidance', 4), ('visit', 1), ('sequenced_visit', 3), ('strictly_ordered_visit', 3), ('lower_restricted_avoidance', 3), ('visit', 4), ('patrolling', 1), ('delayed_reaction', 2), ('patrolling', 4), ('global_avoidance', 1), ('global_avoidance', 4), ('exact_restricted_avoidance', 1), ('exact_restricted_avoidance', 4), ('ordered_visit', 4), ('upper_restricted_avoidance', 3), ('bound_delay', 2), ('strictly_ordered_visit', 2), ('sequenced_visit', 2), ('lower_restricted_avoidance', 2), ('strictly_ordered_visit', 5), ('visit', 3), ('sequenced_visit', 5), ('lower_restricted_avoidance', 5), ('wait', 2), ('patrolling', 3), ('global_avoidance', 3), ('exact_restricted_avoidance', 3), ('past_avoidance', 2), ('ordered_visit', 3), ('upper_restricted_avoidance', 2), ('prompt_reaction', 2), ('upper_restricted_avoidance', 5), ('lower_restricted_avoidance', 1)}
num of lmks: 24
test size after remove prop perm: 245 245

generating grounded train
generating grounded valid
generate valid took: 0.0040313005447387695
saving took: 0.05063929557800293
data/cleanup/lang2ltl/cleanup/symbolic_batch12_perm_utt_0.2_2.pkl
new train, test size: 38930 38930 490 490


symbolic_batch12_perm_utt_0.2_42.pkl
old train, test size: 38930 38930 10725 10725
test size before remove prop perm: 10725 10725
num of unique formulas: 48
unique formulas:
{('strictly_ordered_visit', 4), ('sequenced_visit', 4), ('lower_restricted_avoidance', 4), ('visit', 2), ('visit', 5), ('patrolling', 2), ('patrolling', 5), ('global_avoidance', 2), ('exact_restricted_avoidance', 5), ('future_avoidance', 2), ('global_avoidance', 5), ('exact_restricted_avoidance', 2), ('ordered_visit', 2), ('ordered_visit', 5), ('upper_restricted_avoidance', 1), ('upper_restricted_avoidance', 4), ('visit', 1), ('sequenced_visit', 3), ('strictly_ordered_visit', 3), ('lower_restricted_avoidance', 3), ('visit', 4), ('patrolling', 1), ('delayed_reaction', 2), ('patrolling', 4), ('global_avoidance', 1), ('global_avoidance', 4), ('exact_restricted_avoidance', 1), ('exact_restricted_avoidance', 4), ('ordered_visit', 4), ('upper_restricted_avoidance', 3), ('bound_delay', 2), ('strictly_ordered_visit', 2), ('sequenced_visit', 2), ('lower_restricted_avoidance', 2), ('strictly_ordered_visit', 5), ('visit', 3), ('sequenced_visit', 5), ('lower_restricted_avoidance', 5), ('wait', 2), ('patrolling', 3), ('global_avoidance', 3), ('exact_restricted_avoidance', 3), ('past_avoidance', 2), ('ordered_visit', 3), ('upper_restricted_avoidance', 2), ('prompt_reaction', 2), ('upper_restricted_avoidance', 5), ('lower_restricted_avoidance', 1)}
num of lmks: 24
test size after remove prop perm: 242 242

generating grounded train
generating grounded valid
generate valid took: 0.005092783768971761
saving took: 0.0608323335647583
data/cleanup/lang2ltl/cleanup/symbolic_batch12_perm_utt_0.2_42.pkl
new train, test size: 38930 38930 484 484


